[   0.00000] Iitlingcgroup subsys cpuset
[    0.000000] Initializing cgroup subsys cpu
[    0.000000] Initializing cgroup subsys cpuacct
[    0.000000] Linux version 4.4.0-143-generic (buildd@lgw01-amd64-041) (gcc version 5.4.0 20160609 (Ubuntu 5.4.0-6ubuntu1~16.04.10) ) #169-Ubuntu SMP Thu Feb 7 07:56:38 UTC 2019 (Ubuntu 4.4.0-143.169-generic 4.4.170)
[    0.000000] Command line: BOOT_IMAGE=/boot/vmlinuz-4.4.0-143-generic root=LABEL=cloudimg-rootfs ro console=tty1 console=ttyS0
[    0.000000] KERNEL supported cpus:
[    0.00000]   Intel GenuineIntel
[    0.000000]   AMD AuthenticAMD
[    0.000000]   Centaur CentaurHauls
  0.000000]x86/fpu: xstate_offset[2]:  576, xstate_sizes[2]:  256
[    0.000000] x86/fpu: Supporting XSAVE feature 0x01: 'x87 floating point registers'
[    0.000000] x86/fpu: Supporting XSAVE feature 0x02: 'SSE registers'
[    0.000000] x86/fpu: Supporting XSAVE feature 0x04: 'AVX registers'
[    0.000000] x86/fpu: Enabled xstate features 0x7, context size is 832 bytes, using 'standard' format.
[    0.000000] e820: BIOS-provided physical RAM map:
[    0.000000] BIOS-e820:[mm 0x0000000000-0x000000000009fbff] usable
[    0.000000] BIOS-e820: [mem 0x000000000009fc00-0x000000000009ffff] reserved
[    0.000000] BIOS-e820: [mem 0x00000000000f0000-0x00000000000fffff] reserved
[    0.000000] BIOS-e820: [mem 0x0000000000100000-0x00000000dffeffff] usable
[    0.000000] BIOS-e820: [mem 0x00000000dfff0000-0x00000000dfffffff] ACPI data
[    0.000000] BIOS-e820: [mem 0x00000000fec00000-0x00000000fec00fff] reserved
[    0.000000] BIOS-e820: [mem 0x00000000fee00000-0x00000000fee00fff] reserved
[    0.000000] BIOS-e820: [mem 0x00000000fffc0000-0x00000000ffffffff] reserved
[    0.000000] BIOS-e820: [mem 0x0000000100000000-0x000000011b7fffff] usable
[    0.000000] NX (Execute Disable) protection: active
[    0.000000] SMBIOS 2.5 present.
[    0.000000] Hypervisor detected: KVM
[    0.000000] e820: last_pfn = 0x11b800 max_arch_pfn = 0x400000000
[    0.000000] MTRR: Disabled
[    0.000000] x86/PAT: MTRRs disabled, skipping PAT initialization too.
[    0.000000] CPU MTRRs all blank - virtualized system.
[    0.000000] x86/PAT: Configuration [0-7]: WB  WT  UC- UC  WB  WT  UC- UC  
[    0.000000] e820: last_pfn = 0xdfff0 max_arch_pfn = 0x400000000
[    0.000000] found SMP MP-table at [mem 0x0009fff0-0x0009ffff] mapped at [ffff88000009fff0]
[    0.000000] Scanning 1 areas for low memory corruption
[    0.000000] RAMDISK: [mem 0x36300000-0x37177fff]
[    0.000000] ACPI: Early table checksum verification disabled
[    0.000000] ACPI: RSDP 0x00000000000E0000 000024 (v02 VBOX  )
[    0.000000] ACPI: XSDT 0x00000000DFFF0030 00003C (v01 VBOX   VBOXXSDT 00000001 ASL  00000061)
[    0.000000] ACPI: FACP 0x00000000DFFF00F0 0000F4 (v04 VBOX   VBOXFACP 00000001 ASL  00000061)
[    0.000000] ACPI: DSDT 0x00000000DFFF0470 0021FF (v02 VBOX   VBOXBIOS 00000002 INTL 20180105)
[    0.000000] ACPI: FACS 0x00000000DFFF0200 000040
[    0.000000] ACPI: FACS 0x00000000DFFF0200 000040
[    0.000000] ACPI: APIC 0x00000000DFFF0240 00005C (v02 VBOX   VBOXAPIC 00000001 ASL  00000061)
[    0.000000 ACPI: SSDT 0x00000000DFFF02A0 0001CC (v01 VBOX   VBOXCPUT 00000002 INTL 20180105)
[    0.000000] No NUMA configuration found
[    0.000000] Faking a node at [mem 0x0000000000000000-0x000000011b7fffff]
[    0.000000] NODE_DATA(0) allocated [mem 0x11b7f9000-0x11b7fdfff]
[    0.000000] kvm-clock: Using msrs 4b564d01 and 4b564d00
[    0.000000] kvm-clock: cpu 0, msr 1:1b7f1001, primary cpu clock
[    0.000000] kvm-clock: using sched offset of 3075232499 cycles
[    0.000000] clocksource: kvm-clock: mask: 0xffffffffffffffff max_cycles: 0x1cd42e4dffb, max_idle_ns: 881590591483 ns
[    0.000000] Zone ranges:
[    0.000000]   DMA      [mem 0x0000000000001000-0x0000000000ffffff]
[    0.000000]   DMA32    [mem 0x0000000001000000-0x00000000ffffffff]
[    0.000000]   Normal   [mem 0x0000000100000000-0x000000011b7fffff]
[    0.000000]   Device   empty
[    0.000000] Movable zone start for each node
[    0.000000] Early memory node ranges
[    0.000000]   node   0: [mem 0x0000000000001000-0x000000000009efff]
[    0.000000]   node   0: [mem 0x0000000000100000-0x00000000dffeffff]
[    0.000000]   node   0: [mem 0x0000000100000000-0x000000011b7fffff]
[    0.000000] Initmem setup node 0 [mem 0x0000000000001000-0x000000011b7fffff]
[    0.000000] ACPI: PM-Timer IO Port: 0x4008
[    0.000000] IOAPIC[0]: apic_id 2, version 32, address 0xfec00000, GSI 0-23
[    0.000000] ACPI: INT_SRC_OVR (bus 0 bus_irq 0 global_irq 2 dfl dfl)
[    0.000000] ACPI: INT_SRC_OVR (bus 0 bus_irq 9 global_irq 9 low level)
[    0.000000] Using ACPI (MADT) for SMP configuration information
[    0.000000] smpboot: Allowing 2 CPUs, 0 hotplug CPUs
[    0.000000] PM: Registered nosave memory: [mem 0x00000000-0x00000fff]
[    0.000000] PM: Registered nosave memory: [mem 0x0009f000-0x0009ffff]
[    0.000000] PM: Registered nosave memory: [mem 0x000a0000-0x000effff]
[    0.000000] PM: Registered nosave memory: [mem 0x000f0000-0x000fffff]
[    0.000000] PM: Registered nosave memory: [mem 0xdfff0000-0xdfffffff]
[    0.000000] PM: Registered nosave memory: [mem 0xe0000000-0xfebfffff]
[    0.000000] PM: Registered nosave memory: [mem 0xfec00000-0xfec00fff]
[    0.000000] PM: Registered nosave memory: [mem 0xfec01000-0xfedfffff]
[    0.000000] PM: Registered nosave memory: [mem 0xfee00000-0xfee00fff]
[    0.000000] PM: Registered nosave memory: [mem 0xfee01000-0xfffbffff]
[    0.000000] PM: Registered nosave memory: [mem 0xfffc0000-0xffffffff]
[    0.000000] e820: [mem 0xe0000000-0xfebfffff] available for PCI devices
[    0.000000] Booting paravirtualized kernel on KVM
[    0.000000] clocksource: refined-jiffies: mask: 0xffffffff max_cycles: 0xffffffff, max_idle_ns: 7645519600211568 ns
[    0.000000] setup_percpu: NR_CPUS:512 nr_cpumask_bits:512 nr_cpu_ids:2 nr_node_ids:1
[    0.000000] PERCPU: Embedded 34 pages/cpu @ffff88011b400000 s99480 r8192 d31592 u1048576
[    0.000000] Built 1 zonelists in Node order, mobility grouping on.  Total pages: 1013912
[    0.000000] Policy zone: Normal
[    0.000000] Kernel command line: BOOT_IMAGE=/boot/vmlinuz-4.4.0-143-generic root=LABEL=cloudimg-rootfs ro console=tty1 console=ttyS0
[    0.000000] PID hash table entries: 4096 (order: 3, 32768 bytes)
[    0.000000] Memory: 3954508K/4120120K available (8608K kernel code, 1332K rwdata, 4008K rodata, 1484K init, 1316K bss, 165612K reserved, 0K cma-reserved)
[    0.000000] SLUB: HWalign=64, Order=0-3, MinObjects=0, CPUs=2, Nodes=1
[    0.000000] Kernel/User page tables isolation: enabled
[    0.000000] Hierarchical RCU implementation.
[    0.000000] 	Build-time adjustment of leaf fanout to 64.
[    0.000000] 	RCU restricting CPUs from NR_CPUS=512 to nr_cpu_ids=2.
[    0.000000] RCU: Adjusting geometry for rcu_fanout_leaf=64, nr_cpu_ids=2
[    0.000000] NR_IRQS:33024 nr_irqs:440 16
[    0.000000] Console: colour VGA+ 80x25
[    0.000000] console [tty1] enabled
[    0.0000] onol[tS0 enabled
[    0.000000] tsc: Detected 3999.996 MHz processor
[    0.436187] Calibrating delay loop (skipped) preset value.. 7999.99 BogoMIPS (lpj=15999984)
[    0.437358] pid_max: default: 32768 minimum: 301
[    0.438006] ACPI: Core revision 20150930
[    0.439140] ACPI: 2 ACPI AML tables successfully acquired and loaded
[    0.440124] Security Framework initialized
[    0.440707] Yama: becoming mindful.
[    0.441281] AppArmor: AppArmor initialized
[    0.442303] Dentry cache hash table entries: 524288 (order: 10, 4194304 bytes)
[    0.444290] Inode-cache hash table entries: 262144 (order: 9, 2097152 bytes)
[  04505] Mount-cache hash table entries: 8192 (order: 4, 65536 bytes)
[    0.492955] Mountpoint-cache hash table entries: 8192 (order: 4, 65536 bytes)
[    0.494151] Initializing cgroup subsys io
[    0.494657] Initializing cgroup subsys memory
[    0.495180] Initializing cgroup subsys devices
[    0.495745] Initializing cgroup subsys freezer
[    0.496548] Initializing cgroup subsys net_cls
[    0.502490] Initializing cgroup subsys perf_event
[    0.503201] Initializing cgroup subsys net_prio
[    0.503920] Initializing cgroup subsys hugetlb
[    0.504614] Initializing cgroup subsys pids
[    0.505951] mce: CPU supports 0 MCE banks
[    0.506569] Last level iTLB entries: 4KB 1024, 2MB 1024, 4MB 1024
[    0.507531] Last level dTLB entries: 4KB 1024, 2MB 1024, 4MB 1024, 1GB 4
[    0.508458] Spectre V2 : Mitigation: Full generic retpoline
[    0.509263] Spectre V2 : Spectre v2 / SpectreRSB mitigation: Filling RSB on context switch
[    0.510514] Speculative Store Bypass: Vulnerable
[    0.512787] Freeing SMP alternatives memory: 32K
[    0.516599] ftrace: allocating 32278 entries in 127 pages
[    0.549612] smpboot: APIC(0) Converting physical 0 to logical package 0
[    0.555803] smpboot: Max logical packages: 1
[    0.556649] x2apic enabled
[    0.557285] Switched APIC routing to physical x2apic.
[    0.558782] ..TIMER: vector=0x30 apic1=0 pin1=2 apic2=-1 pin2=-1
[    0.667646] smpboot: CPU0: Intel(R) Core(TM) i7-4790K CPU @ 4.00GHz (family: 0x6, model: 0x3c, stepping: 0x3)
[    0.679544] Performance Events: unsupported p6 CPU model 60 no PMU driver, software events only.
[    0.687398] KVM setup paravirtual spinlock
[    0.688500] x86: Booting SMP configuration:
[    0.689171] .... node  #0, CPUs:      #1
[    0.689895] kvm-clock: cpu 1, msr 1:1b7f1041, secondary cpu clock
[    0.691360] mce: CPU supports 0 MCE banks
[    0.693803] x86: Booted up 1 node, 2 CPUs
[    0.694578] smpboot: Total of 2 processors activated (15999.98 BogoMIPS)
[    0.695746] devtmpfs: initialized
[    0.697417] evm: security.selinux
[    0.697969] evm: security.SMACK64
[    0.698499] evm: security.SMACK64EXEC
[    0.713222] evm: security.SMACK64TRANSMUTE
[    0.713796] evm: security.SMACK64MMAP
[    0.714355] evm: security.ima
[    0.714813] evm: security.capability
[    0.715515] clocksource: jiffies: mask: 0xffffffff max_cycles: 0xffffffff, max_idle_ns: 7645041785100000 ns
[    0.716833] futex hash table entries: 512 (order: 3, 32768 bytes)
[    0.723002] pinctrl core: initialized pinctrl subsystem
[    0.723822] RTC time: 21:48:25, date: 03/21/19
[    0.724602] NET: Registered protocol family 16
[    0.735863] cpuidle: using governor ladder
[    0.747962] cpuidle: using governor menu
[    0.748848] PCCT header not found.
[    0.749688] ACPI: bus type PCI registered
[    0.750571] acpiphp: ACPI Hot Plug PCI Controller Driver version: 0.5
[    0.752390] PCI: Using configuration type 1 for base access
[    0.764795] ACPI: Added _OSI(Module Device)
[    0.766118] ACPI: Added _OSI(Processor Device)
[    0.773202] ACPI: Added _OSI(3.0 _SCP Extensions)
[    0.774046] ACPI: Added _OSI(Processor Aggregator Device)
[    0.775613] ACPI: Executed 1 blocks of module-level executable AML code
[    0.777904] ACPI: Interpreter enabled
[    0.778501] ACPI: (supports S0 S5)
[    0.779056] ACPI: Using IOAPIC for interrupt routing
[    0.779859] PCI: Using host bridge windows from ACPI; if necessary, use "pci=nocrs" and report a bug
[    0.783275] ACPI: PCI Root Bridge [PCI0] (domain 0000 [bus 00-ff])
[    0.784141] acpi PNP0A03:00: _OSC: OS supports [ASPM ClockPM Segments MSI]
[    0.785056] acpi PNP0A03:00: _OSC: not requesting OS control; OS requires [ExtendedConfig ASPM ClockPM MSI]
[    0.786514] acpi PNP0A03:00: fail to add MMCONFIG information, can't access extended PCI configuration space under this bridge.
[    0.788456] PCI host bridge to bus 0000:00
[    0.789165] pci_bus 0000:00: root bus resource [io  0x0000-0x0cf7 window]
[    0.791316] pci_bus 0000:00: root bus resource [io  0x0d00-0xffff window]
[    0.792380] pci_bus 0000:00: root bus resource [mem 0x000a0000-0x000bffff window]
[    0.800330] pci_bus 0000:00: root bus resource [mem 0xe0000000-0xfdffffff window]
[    0.808529] pci_bus 0000:00: root bus resource [bus 00-ff]
[    0.810358] pci 0000:00:01.1: legacy IDE quirk: reg 0x10: [io  0x01f0-0x01f7]
[    0.811289] pci 0000:00:01.1: legacy IDE quirk: reg 0x14: [io  0x03f6]
[    0.812169] pci 0000:00:01.1: legacy IDE quirk: reg 0x18: [io  0x0170-0x0177]
[    0.813098] pci 0000:00:01.1: legacy IDE quirk: reg 0x1c: [io  0x0376]
[    0.853174] pci 0000:00:07.0: quirk: [io  0x4000-0x403f] claimed by PIIX4 ACPI
[    0.855216] pci 0000:00:07.0: quirk: [io  0x4100-0x410f] claimed by PIIX4 SMB
[    0.885889] ACPI: PCI Interrupt Link [LNKA] (IRQs 5 9 10 *11)
[    0.892359] ACPI: PCI Interrupt Link [LNKB] (IRQs 5 9 *10 11)
[    0.893340] ACPI: PCI Interrupt Link [LNKC] (IRQs 5 *9 10 11)
[    0.894341] ACPI: PCI Interrupt Link [LNKD] (IRQs 5 9 10 *11)
[    0.895596] ACPI: Enabled 2 GPEs in block 00 to 07
[    0.896619] vgaarb: setting as boot device: PCI:0000:00:02.0
[    0.897453] vgaarb: device added: PCI:0000:00:02.0,decodes=io+mem,owns=io+mem,locks=none
[    0.898971] vgaarb: loaded
[    0.899460] vgaarb: bridge control possible 0000:00:02.0
[    0.900897] SCSI subsystem initialized
[    0.902032] ACPI: bus type USB registered
[    0.905239] usbcore: registered new interface driver usbfs
[    0.906041] usbcore: registered new interface driver hub
[    0.906788] usbcore: registered new device driver usb
[    0.907648] PCI: Using ACPI for IRQ routing
[    0.908480] NetLabel: Initializing
[    0.909033] NetLabel:  domain hash size = 128
[    0.909673] NetLabel:  protocols = UNLABELED CIPSOv4
[    0.910414] NetLabel:  unlabeled traffic allowed by default
[    0.911344] amd_nb: Cannot enumerate AMD northbridges
[    0.913462] clocksource: Switched to clocksource kvm-clock
[    0.918427] AppArmor: AppArmor Filesystem Enabled
[    0.919220] pnp: PnP ACPI init
[    0.920195] pnp: PnP ACPI: found 3 devices
[    0.927924] clocksource: acpi_pm: mask: 0xffffff max_cycles: 0xffffff, max_idle_ns: 2085701024 ns
[    0.929188] NET: Registered protocol family 2
[    0.930145] TCP established hash table entries: 32768 (order: 6, 262144 bytes)
[    0.931683] TCP bind hash table entries: 32768 (order: 7, 524288 bytes)
[    0.933292] TCP: Hash tables configured (established 32768 bind 32768)
[    0.934271] UDP hash table entries: 2048 (order: 4, 65536 bytes)
[    0.935089]DPite hash table trs:04(oer4,55 bes
[  13690] NET: Registered protocol family 1
[    1.455147] pci 0000:00:00.0: Limiting direct PCI/PCI transfers
[    1.456194] pci 0000:00:01.0: Activating ISA DMA hang workarounds
[    1.457364] Unpacking initramfs...

[    1.591295] Freeing initrd memory: 14816K
[    1.597337] PCI-DMA: Using software bounce buffering for IO (SWIOTLB)
[    1.598423] software IO TLB: mapped [mem 0xdbff0000-0xdfff0000] (64MB)
[    1.599482] RAPL PMU detected, API unit is 2^-32 Joules, 4 fixed counters 10737418240 ms ovfl timer
[    1.600998] hw unit of domain pp0-core 2^-0 Joules
[    1.601808] hw unit of domain package 2^-0 Joules
[    1.602584] hw unit of domain dram 2^-0 Joules
[    1.603338] hw unit of domain pp1-gpu 2^-0 Joules
[    1.604181] platform rtc_cmos: registered platform RTC device (no PNP device found)
[    1.605572] Scanning for low memory corruption every 60 seconds
[    1.606855] audit: initializing netlink subsys (disabled)
[    1.607739] audit: type=2000 audit(1553204910.516:1): initialized
[    1.614315] Initialise system trusted keyring
[    1.615228] HugeTLB registered 2 MB page size, pre-allocated 0 pages
[    1.617194] zbud: loaded
[    1.618293] VFS: Disk quotas dquot_6.6.0
[    1.619020] VFS: Dquot-cache hash table entries: 512 (order 0, 4096 bytes)
[    1.620261] squashfs: version 4.0 (2009/01/31) Phillip Lougher
[    1.621530] fuse init (API version 7.23)
[    1.622379] Key type big_key registered
[    1.623077] Allocating IMA MOK and blacklist keyrings.
[    1.624527] Key type asymmetric registered
[    1.625243] Asymmetric key parser 'x509' registered
[    1.626079] Block layer SCSI generic (bsg) driver version 0.4 loaded (major 249)
[    1.627430] io scheduler noop registered
[    1.628147] io scheduler deadline registered (default)
[    1.629025] io scheduler cfq registered
[    1.629877] pci_hotplug: PCI Hot Plug PCI Core version: 0.5
[    1.630714] pciehp: PCI Express Hot Plug Controller Driver version: 0.4
[    1.631590] ACPI: AC Adapter [AC] (on-line)
[    1.638468] input: Power Button as /devices/LNXSYSTM:00/LNXPWRBN:00/input/input0
[    1.639404] ACPI: Power Button [PWRF]
[    1.639940] input: Sleep Button as /devices/LNXSYSTM:00/LNXSLPBN:00/input/input1
[    1.640882] ACPI: Sleep Button [SLPF]
[    1.641608] GHES: HEST is not enabled!
[    1.651485] Serial: 8250/16550 driver, 32 ports, IRQ sharing enabled
[    1.673712] 00:02: ttyS0 at I/O 0x3f8 (irq = 4, base_baud = 115200) is a 16550A
[    1.683651] Linux agpgart interface v0.103
[    1.685591] loop: module loaded
[    1.686657] scsi host0: ata_piix
[    1.687387] scsi host1: ata_piix
[    1.688018] ata1: PATA max UDMA/33 cmd 0x1f0 ctl 0x3f6 bmdma 0xd000 irq 14
[    1.689057] ata2: PATA max UDMA/33 cmd 0x170 ctl 0x376 bmdma 0xd008 irq 15
[    1.690192] libphy: Fixed MDIO Bus: probed
[    1.690925] tun: Universal TUN/TAP device driver, 1.6
[    1.691771] tun: (C) 1999-2004 Max Krasnyansky <maxk@qualcomm.com>
[    1.692836] PPP generic driver version 2.4.2
[    1.693670] ehci_hcd: USB 2.0 'Enhanced' Host Controller (EHCI) Driver
[    1.694701] ehci-pci: EHCI PCI platform driver
[    1.695472] ehci-platform: EHCI generic platform driver
[    1.696351] ohci_hcd: USB 1.1 'Open' Host Controller (OHCI) Driver
[    1.697306] ohci-pci: OHCI PCI platform driver
[    1.698097] ohci-platform: OHCI generic platform driver
[    1.698955] uhci_hcd: USB Universal Host Controller Interface driver
[    1.700005] i8042: PNP: PS/2 Controller [PNP0303:PS2K,PNP0f03:PS2M] at 0x60,0x64 irq 1,12
[    1.701763] serio: i8042 KBD port at 0x60,0x64 irq 1
[    1.702595] serio: i8042 AUX port at 0x60,0x64 irq 12
[    1.703619] mousedev: PS/2 mouse device common for all mice
[    1.705637] input: AT Translated Set 2 keyboard as /devices/platform/i8042/serio0/input/input2
[    1.708204] rtc_cmos rtc_cmos: rtc core: registered rtc_cmos as rtc0
[    1.709235] rtc_cmos rtc_cmos: alarms up to one day, 114 bytes nvram
[    1.710255] i2c /dev entries driver
[    1.710958] device-mapper: uevent: version 1.0.3
[    1.711844] device-mapper: ioctl: 4.34.0-ioctl (2015-10-28) initialised: dm-devel@redhat.com
[    1.713254] ledtrig-cpu: registered to indicate activity on CPUs
[    1.714556] NET: Registered protocol family 10
[    1.715466] NET: Registered protocol family 17
[    1.716255] Key type dns_resolver registered
[    1.717322] registered taskstats version 1
[    1.718077] Loading compiled-in X.509 certificates
[    1.719342] Loaded X.509 cert 'Build time autogenerated kernel key: d03773f65dd2b75b701d4dd50cb1e8d0c07b3b6e'
[    1.720932] zswap: loaded using pool lzo/zbud
[    1.723092] Key type trusted registered
[    1.725761] Key type encrypted registered
[    1.726486] AppArmor: AppArmor sha1 policy hashing enabled
[    1.727404] ima: No TPM chip found, activating TPM-bypass!
[    1.728331] ima: Allocated hash algorithm: sha1
[    1.729150] evm: HMAC attrs: 0x1
[    1.730072]   Magic number: 11:575:854
[    1.730844] rtc_cmos rtc_cmos: setting system clock to 2019-03-21 21:48:26 UTC (1553204906)
[    1.732381] BIOS EDD facility v0.16 2004-Jun-25, 0 devices found
[    1.733364] EDD information not available.
[    1.847482] Freeing unused kernel memory: 1484K
[    1.861958] Write protecting the kernel read-only data: 14336k
[    1.863316] Freeing unused kernel memory: 1620K
[    1.864273] Freeing unused kernel memory: 88K
Loading, please wait...
starting version[    1.873194] random: systemd-udevd: uninitialized urandom read (16 bytes read, 2 bits of entropy available)
 229
[    1.873878] random: udevadm: uninitialized urandom read (16 bytes read, 2 bits of entropy available)
[    1.873892] random: udevadm: uninitialized urandom read (16 bytes read, 2 bits of entropy available)
[    1.879989] random: udevadm: uninitialized urandom read (16 bytes read, 2 bits of entropy available)
[    1.880015] random: udevadm: uninitialized urandom read (16 bytes read, 2 bits of entropy available)
[    1.880096] random: udevadm: uninitialized urandom read (16 bytes read, 2 bits of entropy available)
[    1.880125] random: udevadm: uninitialized urandom read (16 bytes read, 2 bits of entropy available)
[    1.880154] random: udevadm: uninitialized urandom read (16 bytes read, 2 bits of entropy available)
[    1.880183] random: udevadm: uninitialized urandom read (16 bytes read, 2 bits of entropy available)
[    1.880212] random: udevadm: uninitialized urandom read (16 bytes read, 2 bits of entropy available)
[    1.999004] e1000: Intel(R) PRO/1000 Network Driver - version 7.3.21-k8-NAPI
[    2.061859] e1000: Copyright (c) 1999-2006 Intel Corporation.
[    2.142433] Fusion MPT base driver 3.04.20
[    2.143071] Copyright (c) 1999-2008 LSI Corporation
[    2.146486] Fusion MPT SPI Host driver 3.04.20
[    2.276287] AVX2 version of gcm_enc/dec engaged.
[    2.288291] AES CTR mode by8 optimization enabled
[    2.470286] input: ImExPS/2 Generic Explorer Mouse as /devices/platform/i8042/serio1/input/input4
[    2.601563] tsc: Refined TSC clocksource calibration: 4000.526 MHz
[    2.605752] e1000 0000:00:03.0 eth0: (PCI:33MHz:32-bit) 02:0a:56:fb:b9:09
[    2.605760] e1000 0000:00:03.0 eth0: Intel(R) PRO/1000 Network Connection
[    2.652313] clocksource: tsc: mask: 0xffffffffffffffff max_cycles: 0x39aa4d633fc, max_idle_ns: 440795378742 ns
[    2.943213] e1000 0000:00:08.0 eth1: (PCI:33MHz:32-bit) 08:00:27:da:a4:14
[    2.951973] e1000 0000:00:08.0 eth1: Intel(R) PRO/1000 Network Connection
[    2.954375] e1000 0000:00:03.0 enp0s3: renamed from eth0
[    2.955374] mptbase: ioc0: Initiating bringup
[    2.961688] e1000 0000:00:08.0 enp0s8: renamed from eth1
[    3.301304] ioc0: LSI53C1030 A0: Capabilities={Initiator}
[    3.742252] scsi host2: ioc0: LSI53C1030 A0, FwRev=00000000h, Ports=1, MaxQ=256, IRQ=20
[    4.121360] scsi 2:0:0:0: Direct-Access     VBOX     HARDDISK         1.0  PQ: 0 ANSI: 5
[    4.325539] scsi target2:0:0: Beginning Domain Validation
[    4.326956] scsi target2:0:0: Domain Validation skipping write tests
[    4.333163] scsi target2:0:0: Ending Domain Validation
[    4.339473] scsi target2:0:0: asynchronous
[    4.345809] scsi 2:0:1:0: Direct-Access     VBOX     HARDDISK         1.0  PQ: 0 ANSI: 5
[    4.347013] scsi target2:0:1: Beginning Domain Validation
[    4.348270] scsi target2:0:1: Domain Validation skipping write tests
[    4.349151] scsi target2:0:1: Ending Domain Validation
[    4.355370] scsi target2:0:1: asynchronous
[    4.365012] sd 2:0:0:0: Attached scsi generic sg0 type 0
[    4.372750] sd 2:0:0:0: [sda] 20971520 512-byte logical blocks: (10.7 GB/10.0 GiB)
[    4.373049] sd 2:0:1:0: Attached scsi generic sg1 type 0
[    4.373238] sd 2:0:1:0: [sdb] 20480 512-byte logical blocks: (10.5 MB/10.0 MiB)
[    4.373430] sd 2:0:1:0: [sdb] Write Protect is off
[    4.373527] sd 2:0:1:0: [sdb] Incomplete mode parameter data
[    4.373528] sd 2:0:1:0: [sdb] Assuming drive cache: write through
[    4.377459] sd 2:0:1:0: [sdb] Attached SCSI disk
[    4.482014] sd 2:0:0:0: [sda] Write Protect is off
[    4.482790] sd 2:0:0:0: [sda] Incomplete mode parameter data
[    4.483551] sd 2:0:0:0: [sda] Assuming drive cache: write through
[    4.485877]  sda: sda1
[    4.486844] sd 2:0:0:0: [sda] Attached SCSI disk
Begin: Loading e[    5.714022] md: linear personality registered for level -1
ssential drivers ... [    5.730323] md: multipath personality registered for level -4
[    5.733736] md: raid0 personality registered for level 0
[    5.744431] md: raid1 personality registered for level 1
[    5.813705] raid6: sse2x1   gen() 11996 MB/s
[    5.885551] raid6: sse2x1   xor()  9375 MB/s
[    5.957497] raid6: sse2x2   gen() 16297 MB/s
[    6.029516] raid6: sse2x2   xor() 11014 MB/s
[    6.105522] raid6: sse2x4   gen() 18415 MB/s
[    6.177509] raid6: sse2x4   xor() 12762 MB/s
[    6.249496] raid6: avx2x1   gen() 22731 MB/s
[    6.325584] raid6: avx2x2   gen() 28656 MB/s
[    6.397495] raid6: avx2x4   gen() 32172 MB/s
[    6.398204] raid6: using algorithm avx2x4 gen() 32172 MB/s
[    6.398953] raid6: using avx2x2 recovery algorithm
[    6.402483] xor: automatically using best checksumming function:
[    6.466236]    avx       : 83814.000 MB/sec
[    6.467848] async_tx: api initialized (async)
[    6.475204] md: raid6 personality registered for level 6
[    6.483117] md: raid5 personality registered for level 5
[    6.484148] md: raid4 personality registered for level 4
[    6.495287] md: raid10 personality registered for level 10
done.
Begin: Running /scripts/init-premount ... done.
Begin: Mounting root file system ... Begin: Running /scripts/local-top ... done.
Begin: Running /scripts/local-premount ... [    6.536951] Btrfs loaded
Scanning for Btrfs filesystems
done.
Warning: fsck not present, so skipping root file system
[    6.572180] EXT4-fs (sda1): mounted filesystem with ordered data mode. Opts: (null)
done.
Begin: Running /scripts/local-bottom ... done.
Begin: Running /scripts/init-bottom ... done.
[    6.669766] systemd[1]: systemd 229 running in system mode. (+PAM +AUDIT +SELINUX +IMA +APPARMOR +SMACK +SYSVINIT +UTMP +LIBCRYPTSETUP +GCRYPT +GNUTLS +ACL +XZ -LZ4 +SECCOMP +BLKID +ELFUTILS +KMOD -IDN)
[    6.683076] systemd[1]: Detected virtualization oracle.
[    6.683884] systemd[1]: Detected architecture x86-64.

Welcome to [1mUbuntu 16.04.6 LTS[0m!

[    6.694140] systemd[1]: Set hostname to <ubuntu>.
[    6.701774] systemd[1]: Initializing machine ID from random generator.
[    6.703002] systemd[1]: Installed transient /etc/machine-id file.
[    6.815911] systemd[1]: Listening on LVM2 poll daemon socket.
[[0;32m  OK  [0m] Listening on LVM2 poll daemon socket.
[    6.827987] systemd[1]: Listening on Device-mapper event daemon FIFOs.
[[0;32m  OK  [0m] Listening on Device-mapper event daemon FIFOs.
[    6.829986] systemd[1]: Listening on Journal Socket (/dev/log).
[[0;32m  OK  [0m] Listening on Journal Socket (/dev/log).
[    6.839745] systemd[1]: Started Trigger resolvconf update for networkd DNS.
[[0;32m  OK  [0m] Started Trigger resolvconf update for networkd DNS.
[    6.851842] systemd[1]: Listening on Syslog Socket.
[[0;32m  OK  [0m] Listening on Syslog Socket.
[    6.869761] systemd[1]: Started Forward Password Requests to Wall Directory Watch.
[[0;32m  OK  [0m] Started Forward Password Requests to Wall Directory Watch.
[    6.872761] systemd[1]: Reached target System Time Synchronized.
[[0;32m  OK  [0m] Reached target System Time Synchronized.
[    6.875021] systemd[1]: Set up automount Arbitrary Executable File Formats File System Automount Point.
[[0;32m  OK  [0m] Set up automount Arbitrary Executab...ats File System Automount Point.
[    6.883511] systemd[1]: Created slice User and Session Slice.
[[0;32m  OK  [0m] Created slice User and Session Slice.
[    6.912666] systemd[1]: Listening on LVM2 metadata daemon socket.
[[0;32m  OK  [0m] Listening on LVM2 metadata daemon socket.
[    6.920639] systemd[1]: Listening on udev Control Socket.
[[0;32m  OK  [0m] Listening on udev Control Socket.
[    6.926094] systemd[1]: Reached target Swap.
[[0;32m  OK  [0m] Reached target Swap.
[    6.928208] systemd[1]: Listening on Journal Audit Socket.
[[0;32m  OK  [0m] Listening on Journal Audit Socket.
[    6.929985] systemd[1]: Reached target User and Group Name Lookups.
[[0;32m  OK  [0m] Reached target User and Group Name Lookups.
[    6.932000] systemd[1]: Reached target Encrypted Volumes.
[[0;32m  OK  [0m] Reached target Encrypted Volumes.
[    6.942336] systemd[1]: Listening on /dev/initctl Compatibility Named Pipe.
[[0;32m  OK  [0m] Listening on /dev/initctl Compatibility Named Pipe.
[    6.948355] systemd[1]: Created slice System Slice.
[[0;32m  OK  [0m] Created slice System Slice.
[    6.952570] systemd[1]: Reached target Slices.
[[0;32m  OK  [0m] Reached target Slices.
[    6.957959] systemd[1]: Listening on Journal Socket.
[[0;32m  OK  [0m] Listening on Journal Socket.
[    6.981837] systemd[1]: Starting Create list of required static device nodes for the current kernel...
         Starting Create list of required st... nodes for the current kernel...
[    6.994915] systemd[1]: Starting Remount Root and Kernel File Systems...
         Starting Remount Root and Kernel File Systems...
[    7.003672] systemd[1]: Starting Set console keymap...
         Starting Set console keymap...
[    7.006913] systemd[1]: Starting Nameserver information manager...
         [    7.011252] EXT4-fs (sda1): re-mounted. Opts: (null)
Starting Nameserver information manager...
[    7.023421] systemd[1]: Starting Uncomplicated firewall...
         Starting Uncomplicated firewall...
[    7.039181] systemd[1]: Starting Journal Service...
         Starting Journal Service...
[    7.069626] systemd[1]: Mounting POSIX Message Queue File System...
         Mounting POSIX Message Queue File System...
[    7.085421] systemd[1]: Starting Load Kernel Modules...
         Starting Load Kernel Modules...
[    7.087671] systemd[1]: Mounting Huge Pages File System...
         Mounting Huge Pages File System...
[    7.091954] systemd[1]: Starting Monitoring of LVM2 mirrors, snapshots etc. using dmeventd or progress polling...
         Starting Monitoring of LVM2 mirrors... dmeventd or progress polling...
[    7.116418] Loading iSCSI transport class v2.0-870.
[    7.152492] systemd[1]: Listening on udev Kernel Socket.
[[0;32m  OK  [0m] Listening on udev Kernel Socket.
[    7.155049] systemd[1]: Created slice system-serial\x2dgetty.slice.
[[0;32m  OK  [0m] Created slice system-serial\x2dgetty.slice.
[    7.176069] iscsi: registered transport (tcp)
[    7.198430] systemd[1]: Mounting Debug File System...
         Mounting Debug File System...
[    7.205420] systemd[1]: Mounted Huge Pages File System.
[[0;32m  OK  [0[    7.236008] iscsi: registered transport (iser)
m] Mounted Huge Pages File System.
[    7.324924] systemd[1]: Mounted POSIX Message Queue File System.
[[0;32m  OK  [0m] Mounted POSIX Message Queue File System.
[    7.327371] systemd[1]: Mounted Debug File System.
[[0;32m  OK  [0m] Mounted Debug File System.
[    7.328922] systemd[1]: Started Journal Service.
[[0;32m  OK  [0m] Started Journal Service.
[[0;32m  OK  [0m] Started Create list of required sta...ce nodes for the current kernel.
[[0;32m  OK  [0m] Started Remount Root and Kernel File Systems.
[[0;32m  OK  [0m] Started Set console keymap.
[[0;32m  OK  [0m] Started Uncomplicated firewall.
[[0;32m  OK  [0m] Started Load Kernel Modules.
[[0;32m  OK  [0m] Started Nameserver information manager.
[[0;32m  OK  [0m] Started LVM2 metadata daemon.
         Starting Apply Kernel Variables...
         Mounting FUSE Control File System...
         Starting Load/Save Random Seed...
         Starting udev Coldplug all Devices...
         Starting Create Static Device Nodes in /dev...
         Starting Flush Journal to Persistent Storage...
[[0;32m  OK  [0m] Mounted FUSE Control File System.
[[0;32m  OK  [0m] Started Apply Kernel Variables.
[[0;32m  OK  [0m] Started Load/Save Random Seed.
[[0;32m  OK  [0m] Started Monitoring of LVM2 mirrors,...ng dmeventd or progress polling.
[[0;32m  OK  [0m] Started Create Static Device Nodes in /dev.
[[0;32m  OK  [0m] Started udev Coldplug all Devices.
[[0;32m  OK  [0m] Started Flush Journal to Persistent Storage.
         Starting udev Kernel Device Manager...
[[0;32m  OK  [0m] Reached target Local File Systems (Pre).
[[0;32m  OK  [0m] Reached target Local File Systems.
         Starting Initial cloud-init job (pre-networking)...
         Starting Set console font and keymap...
         Starting Tell Plymouth To Write Out Runtime Data...
         Starting Commit a transient machine-id on disk...
         Starting Create Volatile Files and Directories...
         Starting LSB: AppArmor initialization...
[[0;32m  OK  [0m] Started udev Kernel Device Manager.
[[0;32m  OK  [0m] Started Tell Plymouth To Write Out Runtime Data.
[[0;32m  OK  [0m] Started Create Volatile Files and Directories.
[[0;32m  OK  [0m] Started Commit a transient machine-id on disk.
[[0;32m  OK  [0m] Found device /dev/ttyS0.
[[0;1;31mFAILED[0m] Failed to start Set console font and keymap.
See 'systemctl status console-setup.service' for details.
[[0;32m  OK  [0m] Listening on Load/Save RF Kill Switch Status /dev/rfkill Watch.
[[0;32m  OK  [0m] Created slice system-getty.slice.
         Starting Update UTMP about System Boot/Shutdown...
[[0;32m  OK  [0m] Started Dispatch Password Requests to Console Directory Watch.
[[0;32m  OK  [0m] Started LSB: AppArmor initialization.
[    7.800520] cloud-init[[0;32m  OK  [0m] Started Initial cloud-init job (pre-networking).
[475]: Cloud-init v. 18.5-45-g3554ffe8-0ubuntu1~16.04.1 running 'init-local' at Thu, 21 Mar 2019 21:48:32 +0000. Up 7.51 seconds.
[[0;32m  OK  [0m] Started Update UTMP about System Boot/Shutdown.
[[0;32m  OK  [0m] Reached target Network (Pre).
         Starting Raise network interfaces...
[[0;32m  OK  [0m] Started Raise network interfaces.
         Starting Initial cloud-init job (metadata service crawler)...
[[0;32m  OK  [0m] Reached target Network.
[    8.749149] cloud-init[916]: Cloud-init v. 18.5-45-g3554ffe8-0ubuntu1~16.04.1 running 'init' at Thu, 21 Mar 2019 21:48:33 +0000. Up 8.24 seconds.
[    8.763621] cloud-init[916]: ci-info: ++++++++++++++++++++++++++++++++++++++Net device info++++++++++++++++++++++++++++++++++++++
[    8.765127] cloud-init[916]: ci-info: +--------+-------+---------------------------+---------------+--------+-------------------+
[    8.766556] cloud-init[916]: ci-info: | Device |   Up  |          Address          |      Mask     | Scope  |     Hw-Address    |
[    8.771258] cloud-init[916]: ci-info: +--------+-------+---------------------------+---------------+--------+-------------------+
[    8.772735] cloud-init[916]: ci-info: | enp0s3 |  True |         10.0.2.15         | 255.255.255.0 | global | 02:0a:56:fb:b9:09 |
[    8.774147] cloud-init[916]: ci-info: | enp0s3 |  True | fe80::a:56ff:fefb:b909/64 |       .       |  link  | 02:0a:56:fb:b9:09 |
[    8.779884] cloud-init[916]: ci-info: | enp0s8 | False |             .             |       .       |   .    | 08:00:27:da:a4:14 |
[    8.781379] cloud-init[916]: ci-info: |   lo   |  True |         127.0.0.1         |   255.0.0.0   |  host  |         .         |
[    8.782806] cloud-init[916]: ci-info: |   lo   |  True |          ::1/128          |       .       |  host  |         .         |
[    8.784141] cloud-init[916]: ci-info: +--------+-------+---------------------------+---------------+--------+-------------------+
[    8.785432] cloud-init[916]: ci-info: +++++++++++++++++++++++++++Route IPv4 info++++++++++++++++++++++++++++
[    8.793185] cloud-init[916]: ci-info: +-------+-------------+----------+---------------+-----------+-------+
[    8.794516] cloud-init[916]: ci-info: | Route | Destination | Gateway  |    Genmask    | Interface | Flags |
[    8.795721] cloud-init[916]: ci-info: +-------+-------------+----------+---------------+-----------+-------+
[    8.807507] cloud-init[916]: ci-info: |   0   |   0.0.0.0   | 10.0.2.2 |    0.0.0.0    |   enp0s3  |   UG  |
[    8.807682] cloud-init[916]: ci-info: |   1   |   10.0.2.0  | 0.0.0.0  | 255.255.255.0 |   enp0s3  |   U   |
[[0;32m  OK  [0m] Started Initial cloud-init job (metadata service crawler).
[    8.807771] cloud-init[916]: ci-info: +-------+-------------+----------+---------------+-----------+-------+
[    8.813680] cloud-init[916]: ci-info: +++++++++++++++++++Route IPv6 info+++++++++++++++++++
[    8.813933] cloud-init[916]: ci-info: +-------+-------------+---------+-----------+-------+
[    8.814089] cloud-init[916]: ci-info: | Route | Destination | Gateway | Interface | Flags |
[    8.814242] cloud-init[916]: ci-info: +-------+-------------+---------+-----------+-------+
[    8.814406] cloud-init[916]: ci-info: |   0   |  fe80::/64  |    ::   |   enp0s3  |   U   |
[    8.814570] cloud-init[916]: ci-info: |   3   |   ff00::/8  |    ::   |   enp0s3  |   U   |
[    8.814708] cloud-init[916]: ci-info: +-------+-------------+---------+-----------+-------+
[    8.814858] cloud-init[916]: Generating public/private rsa key pair.
[    8.815025] cloud-init[916]: Your identification has been saved in /etc/ssh/ssh_host_rsa_key.
[    8.815169] cloud-init[916]: Your public key has been saved in /etc/ssh/ssh_host_rsa_key.pub.
[    8.815320] cloud-init[916]: The key fingerprint is:
[    8.815479] cloud-init[916]: SHA256:lVabNIqvCmTtqofDWGW7d5EyGdO727ULd+DqHKnYKjU root@ubuntu-xenial
[    8.815625] cloud-init[916]: The key's randomart image is:
[    8.815779] cloud-init[916]: +---[RSA 2048]----+
[[0;32m  OK  [0m] Reached target System Initialization.
[    8.815939] cloud-init[916]: |            +    |
[    8.840526] cloud-init[916]: |         . = +   |
[    8.840858] cloud-init[916]: |       .. = o    |
[[0;32m  OK  [0m] Listening on D-Bus System Message Bus Socket.
[    8.841044] cloud-init[916]: |    o.o .+       |
[    8.846481] cloud-init[916]: |   oo..+So. .    |
[    8.846665] cloud-init[916]: |  .o..E +. o .   |
[    8.847013] cloud-init[916]: | + ..o.+.o+ + .  |
[[0;32m  OK  [0m] Started ACPI Events Check.
[    8.847141] cloud-init[916]: |. + +o.+o+ * o   |
[    8.853773] cloud-init[916]: |  .+.o+o+o= o.   |
[    8.853862] cloud-init[916]: +----[SHA256]-----+
[    8.853976] cloud-init[916]: Generating public/private dsa key pair.
[    8.854086] cloud-init[916]: Your identification has been saved in /etc/ssh/ssh_host_dsa_key.
[    8.854193] cloud-init[916]: Your public key has been saved in /etc/ssh/ssh_host_dsa_key.pub.
[    8.854310] cloud-init[916]: The key fingerprint is:
[    8.854522] cloud-init[916]: SHA256:kBlh/a7Fkye6MbeuI7TsW3EC8pNUogRbE4OpXvOxPQU root@ubuntu-xenial
[    8.854629] cloud-init[916]: The key's randomart image is:
[    8.854736] cloud-init[916]: +---[DSA 1024]----+
[[0;32m  OK  [0m] Reached target Paths.
[[    8.854855] cloud-init[916]: |  .+*.=o.        |
[    8.876836] cloud-init[916]: |  o+ = E.        |
[    8.877135] cloud-init[916]: | .. o * ..       |
[    8.877523] cloud-init[916]: |.  o = + ..      |
[    8.877927] cloud-init[916]: |. . o B So..     |
[0;32m  OK  [0m] Listening on ACPID Listen Socket.
[[    8.878129] cloud-init[916]: | .   o.+ +B .    |
[    8.882270] cloud-init[916]: |     o .=+.+     |
[0;32m  OK  [0m] Started Daily apt download activities.
[[    8.882429] cloud-init[916]: |      +.++ .     |
[    8.887587] cloud-init[916]: |     .ooo=o      |
[    8.887718] cloud-init[916]: +----[SHA256]-----+
[    8.887870] cloud-init[916]: Generating public/private ecdsa key pair.
[    8.888200] cloud-init[916]: Your identification has been saved in /etc/ssh/ssh_host_ecdsa_key.
[    8.888348] cloud-init[916]: Your public key has been saved in /etc/ssh/ssh_host_ecdsa_key.pub.
[    8.888503] cloud-init[916]: The key fingerprint is:
[    8.888663] cloud-init[916]: SHA256:ex5NWxsD/5lmY4ExLyNnRE1TXOsTz8vAH/0Os0fpobs root@ubuntu-xenial
[    8.888811] cloud-init[916]: The key's randomart image is:
[    8.888971] cloud-init[916]: +---[ECDSA 256]---+
[    8.889117] cloud-init[916]: |             .o+=|
[    8.889246] cloud-init[916]: |            .  .+|
[    8.889373] cloud-init[916]: |            .+ o |
[    8.889520] cloud-init[916]: |            oo*.+|
[    8.890438] cloud-init[916]: |        S  ..O=*=|
[    8.890563] cloud-init[916]: |         . o+o*BX|
[    8.890701] cloud-init[916]: |        . o o *%+|
[    8.891867] cloud-init[916]: |         o . .+*o|
[    8.891986] cloud-init[916]: |          .  E+..|
[    8.892249] cloud-init[916]: +----[SHA256]-----+
[    8.892375] cloud-init[916]: Generating public/private ed25519 key pair.
[0;32m  OK  [0m] Listening on UUID daemon activation socket.
[    8.892561] cloud-init[916]: Your identification has been saved in /etc/ssh/ssh_host_ed25519_key.
[    8.906797] cloud-init[916]: Your public key has been saved in /etc/ssh/ssh_host_ed25519_key.pub.
[    8.906960] cloud-init[916]: The key fingerprint is:
[    8.907116] cloud-init[916]: SHA256:vMADAX6BWsFUHhCFy2/LvURMZfJDe8talwZsGvHVvMc root@ubuntu-xenial
[    8.907258] cloud-init[916]: The key's randomart image is:
[    8.907583] cloud-init[916]: +--[ED25519 256]--+
         Starting LXD - unix socket.
[    8.907871] cloud-init[916]: | o*X* . =   .o   |
[    8.912230] cloud-init[916]: | .=. + * = .  o  |
[    8.912610] cloud-init[916]: | +..+ . = *    o |
[    8.912698] cloud-init[916]: |. o. = . B o .. E|
[    8.912828] cloud-init[916]: |   .  * S + +  . |
[    8.912965] cloud-init[916]: |    o. o + o     |
[    8.913102] cloud-init[916]: |   o o. o        |
[    8.913235] cloud-init[916]: |    o..          |
[    8.913370] cloud-init[916]: |      ..         |
[    8.913508] cloud-init[916]: +----[SHA256]-----+
         Starting Socket activation for snappy daemon.
[[0;32m  OK  [0m] Started Daily Cleanup of Temporary Directories.
[[0;32m  OK  [0m] Started Daily apt upgrade and clean activities.
[[0;32m  OK  [0m] Reached target Timers.
[[0;32m  OK  [0m] Reached target Network is Online.
         Starting iSCSI initiator daemon (iscsid)...
[[0;32m  OK  [0m] Reached target Cloud-config availability.
[[0;32m  OK  [0m] Listening on LXD - unix socket.
[[0;32m  OK  [0m] Listening on Socket activation for snappy daemon.
[[0;32m  OK  [0m] Reached target Sockets.
[[0;32m  OK  [0m] Reached target Basic System.
         Starting Login Service...
[[0;32m  OK  [0m] Started D-Bus System Message Bus.
[[0;32m  OK  [0m] Started Deferred execution scheduler.
         Starting System Logging Service...
         Starting /etc/rc.local Compatibility...
         Starting Snappy daemon...
[[0;32m  OK  [0m] Started FUSE filesystem for LXC.
         Starting Pollinate to seed the pseudo random number generator...
         Starting LSB: MD monitoring daemon...
         Starting Accounts Service...
[[0;32m  OK  [0m] Started Regular background program processing daemon.
[[0;32m  OK  [0m] Started Unattended Upgrades Shutdown.
[[0;32m  OK  [0m] Started ACPI event daemon.
         Starting LSB: Record successful boot for GRUB...
         Starting LXD - container startup/shutdown...
         Starting Virtualbox guest utils...
[[0;32m  OK  [0m] Started System Logging Service.
[[0;32m  OK  [0m] Started iSCSI initiator daemon (iscsid).
[[0;32m  OK  [0m] Started /etc/rc.local Compatibility.
[[0;32m  OK  [0m] Started Login Service.
[[0;32m  OK  [0m] Started LSB: MD monitoring daemon.
         Starting Authenticate and Authorize Users to Run Privileged Tasks...
         Starting Login to default iSCSI targets...
[[0;32m  OK  [0m] Started LSB: Record successful boot for GRUB.
[[0;32m  OK  [0m] Started Virtualbox guest utils.
[[0;32m  OK  [0m] Started Login to default iSCSI targets.
[[0;32m  OK  [0m] Started Authenticate and Authorize Users to Run Privileged Tasks.
[[0;32m  OK  [0m] Started Accounts Service.
[[0;32m  OK  [0m] Reached target Remote File Systems (Pre).
[[0;32m  OK  [0m] Reached target Remote File Systems.
         Starting Permit User Sessions...
         Starting LSB: daemon to balance interrupts for SMP systems...
         Starting LSB: Set the CPU Frequency Scaling governor to "ondemand"...
         Starting LSB: automatic crash report generation...
[[0;32m  OK  [0m] Started Permit User Sessions.
         Starting Terminate Plymouth Boot Screen...
         Starting Hold until boot process finishes up...
[[0;32m  OK  [0m] Started Hold until boot process finishes up.
[[0;32m  OK  [0m] Started LSB: Set the CPU Frequency Scaling governor to "ondemand".
[[0;32m  OK  [0m] Started Terminate Plymouth Boot Screen.
[[0;32m  OK  [0m] Started Serial Getty on ttyS0.
[[0;32m  OK  [0m] Started Getty on tty1.
[[0;32m  OK  [0m] Reached target Login Prompts.
         Starting Set console scheme...
[[0;32m  OK  [0m] Started LXD - container startup/shutdown.
[[0;32m  OK  [0m] Started LSB: daemon to balance interrupts for SMP systems.
[[0;32m  OK  [0m] Started LSB: automatic crash report generation.
[[0;32m  OK  [0m] Started Set console scheme.
[[0;32m  OK  [0m] Started Snappy daemon.
         Starting Wait until snapd is fully seeded...
[[0;32m  OK  [0m] Started Pollinate to seed the pseudo random number generator.
         Starting OpenBSD Secure Shell server...
[[0;32m  OK  [0m] Started OpenBSD Secure Shell server.
[[0;32m  OK  [0m] Created slice User Slice of vagrant.
         Starting User Manager for UID 1000...
[[0;32m  OK  [0m] Started Session 1 of user vagrant.
[[0;32m  OK  [0m] Started User Manager for UID 1000.
[   14.695618] cloud-init[1415]: Generating locales (this might take a while)...
[   15.226694] cloud-init[1415]:   en_US.UTF-8... done
[   15.228135] cloud-init[1415]: Generation complete.

Ubuntu 16.04.6 LTS ubuntu-xenial ttyS0

ubuntu-xenial login: [   15.409530] cloud-init[1415]: Cloud-init v. 18.5-45-g3554ffe8-0ubuntu1~16.04.1 running 'modules:config' at Thu, 21 Mar 2019 21:48:40 +0000. Up 14.63 seconds.
ci-info: no authorized ssh keys fingerprints found for user ubuntu.
<14>Mar 21 21:48:41 ec2: 
<14>Mar 21 21:48:41 ec2: #############################################################
<14>Mar 21 21:48:41 ec2: -----BEGIN SSH HOST KEY FINGERPRINTS-----
<14>Mar 21 21:48:41 ec2: 1024 SHA256:kBlh/a7Fkye6MbeuI7TsW3EC8pNUogRbE4OpXvOxPQU root@ubuntu-xenial (DSA)
<14>Mar 21 21:48:41 ec2: 256 SHA256:ex5NWxsD/5lmY4ExLyNnRE1TXOsTz8vAH/0Os0fpobs root@ubuntu-xenial (ECDSA)
<14>Mar 21 21:48:41 ec2: 256 SHA256:vMADAX6BWsFUHhCFy2/LvURMZfJDe8talwZsGvHVvMc root@ubuntu-xenial (ED25519)
<14>Mar 21 21:48:41 ec2: 2048 SHA256:lVabNIqvCmTtqofDWGW7d5EyGdO727ULd+DqHKnYKjU root@ubuntu-xenial (RSA)
<14>Mar 21 21:48:41 ec2: -----END SSH HOST KEY FINGERPRINTS-----
<14>Mar 21 21:48:41 ec2: #############################################################
-----BEGIN SSH HOST KEY KEYS-----
ecdsa-sha2-nistp256 AAAAE2VjZHNhLXNoYTItbmlzdHAyNTYAAAAIbmlzdHAyNTYAAABBBNuE4zPDBKtZfot+wV7JWo9oez7Kxq3mbZ3Z4XS9ZAyfroiaOYGA6foN5iYQhaB5tMeBD2TU4OxUgQzvllboTA4= root@ubuntu-xenial
ssh-ed25519 AAAAC3NzaC1lZDI1NTE5AAAAIA3j1x+SPDXAlGnVGpyb38d+tW+Kj4pZyWJ6keAG4UHF root@ubuntu-xenial
ssh-rsa AAAAB3NzaC1yc2EAAAADAQABAAABAQDBgDgPiKIjcVrODQIDNN4hft+n9CSx792r93ZrIBLMsQ2iuhZB0TBsPQaiAY95H/Nz/ZzjaQ++aotnTfobkCbIiOUL1p/VANwNn5EX3LU/E7PQXCkech/RCpbTiuCPTHJGR9iaco+1wCkTv24zC+Gr3uZz0Zk0aMMSDHKw5C0gqL5AYYd8aGZcl3fu2qeN7C/F+UZor0qA9XUiIQvA7cO7Vkvn8oCWl/8nGWWdFJ6OQoVPDbTkyh8rW1o1OVZKKK0+HA92u/OcpJFvqgsx0k3UX1w3rQDrQl/XTjDdN7VjHrlGyZt0dqMdarNHK6+346z9YF04iW8db1AneZeBYyUf root@ubuntu-xenial
-----END SSH HOST KEY KEYS-----
[   15.706519] cloud-init[1483]: Cloud-init v. 18.5-45-g3554ffe8-0ubuntu1~16.04.1 running 'modules:final' at Thu, 21 Mar 2019 21:48:41 +0000. Up 15.62 seconds.
[   15.706670] cloud-init[1483]: ci-info: no authorized ssh keys fingerprints found for user ubuntu.
[   15.706750] cloud-init[1483]: Cloud-init v. 18.5-45-g3554ffe8-0ubuntu1~16.04.1 finished at Thu, 21 Mar 2019 21:48:41 +0000. Datasource DataSourceNoCloud [seed=/dev/sdb][dsmode=net].  Up 15.69 seconds
